<?xml version="1.0" encoding="UTF-8"?>
<!-- Generated by org.testng.reporters.JUnitReportReporter -->
<testsuite hostname="DESKTOP-7E8PKOH" failures="0" tests="2" name="cucumber123.Test_runner_guru99" time="85.964" errors="0" timestamp="2022-11-04T11:34:55 IST" skipped="0">
  <testcase classname="cucumber123.Test_runner_guru99" name="runScenario" time="46.386"/>
  <system-out/>
  <testcase classname="cucumber123.Test_runner_guru99" name="runScenario" time="39.578"/>
  <system-out/>
</testsuite> <!-- cucumber123.Test_runner_guru99 -->
