<?xml version="1.0" encoding="UTF-8"?>
<!-- Generated by org.testng.reporters.JUnitReportReporter -->
<testsuite hostname="DESKTOP-7E8PKOH" failures="0" tests="1" name="cucumber123.Test_runner_guru99" time="40.622" errors="0" timestamp="2022-11-04T11:41:06 IST" skipped="0">
  <testcase classname="cucumber123.Test_runner_guru99" name="runScenario" time="40.622"/>
  <system-out/>
</testsuite> <!-- cucumber123.Test_runner_guru99 -->
